Eigenvalues:
    x = 0:
        [-2*eps, -2*eps + 1, -2*eps + 1, 0, 0, 0, 0, 1, 1, 1, 1, 1]
    x = 1:
        [-1, -1, -1, -3*eps + 1/2, eps - 1/2, eps - 1/2, eps - 1/2, -3*eps + 5/2, eps - 3/2, eps - 3/2, eps - 3/2, eps - 3/2]
    x = -1:
        [-3*eps + 3/2, eps - 3/2, eps - 1/2, eps - 1/2, eps - 1/2, eps - 1/2, eps - 1/2, eps - 1/2, eps - 1/2, 0, 0, 0]
    x = +Infinity:
        [1, 1, 1, 1, 1, 1, 2*eps - 1, 2*eps - 1, -2*eps + 1, -2*eps + 1, -2*eps + 1, 2*eps - 3]

Use balance:
    [2, 0, 1, 1, eps - 3/2, (1, 0, 0, 0, 0, 0, 0, 0, 0, 0, 0, 0), (1, 0, 0, 0, 0, 0, 0, 0, 0, 0, 0, 0), 1]

Eigenvalues:
    x = 0:
        [-2*eps, -2*eps + 1, -2*eps + 1, 0, 0, 0, 0, 0, 1, 1, 1, 1]
    x = 1:
        [-1, -1, -1, -3*eps + 1/2, eps - 1/2, eps - 1/2, eps - 1/2, eps - 1/2, -3*eps + 5/2, eps - 3/2, eps - 3/2, eps - 3/2]
    x = -1:
        [-3*eps + 3/2, eps - 3/2, eps - 1/2, eps - 1/2, eps - 1/2, eps - 1/2, eps - 1/2, eps - 1/2, eps - 1/2, 0, 0, 0]
    x = +Infinity:
        [1, 1, 1, 1, 1, 1, 2*eps - 1, 2*eps - 1, -2*eps + 1, -2*eps + 1, -2*eps + 1, 2*eps - 3]

Use balance:
    [2, 0, 1, 1, eps - 3/2, (0, 0, 1, 0, 0, 0, 0, 0, 0, 0, 0, 0), (0, 0, 1, 0, 0, 0, 0, 0, 0, 0, 0, 0), 1]

Eigenvalues:
    x = 0:
        [-2*eps, -2*eps + 1, -2*eps + 1, 0, 0, 0, 0, 0, 0, 1, 1, 1]
    x = 1:
        [-1, -1, -1, -3*eps + 1/2, eps - 1/2, eps - 1/2, eps - 1/2, eps - 1/2, eps - 1/2, -3*eps + 5/2, eps - 3/2, eps - 3/2]
    x = -1:
        [-3*eps + 3/2, eps - 3/2, eps - 1/2, eps - 1/2, eps - 1/2, eps - 1/2, eps - 1/2, eps - 1/2, eps - 1/2, 0, 0, 0]
    x = +Infinity:
        [1, 1, 1, 1, 1, 1, 2*eps - 1, 2*eps - 1, -2*eps + 1, -2*eps + 1, -2*eps + 1, 2*eps - 3]

Use balance:
    [2, 0, +Infinity, 1, 2*eps - 3, (0, 0, 0, 1, 0, 0, 0, 0, 0, 0, 0, 0), (0, 0, 0, 1, 0, 0, 0, 0, -1/(2*eps - 1), 0, 0, 0), 1]

Eigenvalues:
    x = 0:
        [-2*eps, -2*eps + 1, -2*eps + 1, 0, 0, 0, 0, 0, 0, 0, 1, 1]
    x = 1:
        [-1, -1, -1, -3*eps + 1/2, eps - 1/2, eps - 1/2, eps - 1/2, eps - 1/2, eps - 1/2, -3*eps + 5/2, eps - 3/2, eps - 3/2]
    x = -1:
        [-3*eps + 3/2, eps - 3/2, eps - 1/2, eps - 1/2, eps - 1/2, eps - 1/2, eps - 1/2, eps - 1/2, eps - 1/2, 0, 0, 0]
    x = +Infinity:
        [1, 1, 1, 1, 1, 1, 2*eps - 1, 2*eps - 1, -2*eps + 1, -2*eps + 1, -2*eps + 1, 2*eps - 2]

Use balance:
    [2, 0, +Infinity, -2*eps + 1, 2*eps - 2, (0, 0, 0, 1, 0, 0, 0, 0, 2*eps - 1, 0, 0, 0), (0, 0, 0, 1, 0, 0, 0, 0, 0, 0, 0, 0), 1]

Eigenvalues:
    x = 0:
        [-2*eps, -2*eps, -2*eps + 1, 0, 0, 0, 0, 0, 0, 0, 1, 1]
    x = 1:
        [-1, -1, -1, -3*eps + 1/2, eps - 1/2, eps - 1/2, eps - 1/2, eps - 1/2, eps - 1/2, -3*eps + 5/2, eps - 3/2, eps - 3/2]
    x = -1:
        [-3*eps + 3/2, eps - 3/2, eps - 1/2, eps - 1/2, eps - 1/2, eps - 1/2, eps - 1/2, eps - 1/2, eps - 1/2, 0, 0, 0]
    x = +Infinity:
        [1, 1, 1, 1, 1, 1, 2*eps - 1, 2*eps - 1, 2*eps - 1, -2*eps + 1, -2*eps + 1, -2*eps + 1]

Use balance:
    [2, 1, +Infinity, -3*eps + 5/2, 2*eps - 1, (0, 0, 0, 1, 0, 0, 0, 0, 4*eps - 2, 0, 0, 0), (0, 0, 0, 1, 0, 0, 0, 0, 0, 0, 0, 0), 1]

Eigenvalues:
    x = 0:
        [-2*eps, -2*eps, -2*eps + 1, 0, 0, 0, 0, 0, 0, 0, 1, 1]
    x = 1:
        [-1, -1, -1, -3*eps + 1/2, eps - 1/2, eps - 1/2, eps - 1/2, eps - 1/2, eps - 1/2, -3*eps + 3/2, eps - 3/2, eps - 3/2]
    x = -1:
        [eps - 3/2, eps - 1/2, eps - 1/2, eps - 1/2, eps - 1/2, eps - 1/2, eps - 1/2, eps - 1/2, -3*eps + 3/2, 0, 0, 0]
    x = +Infinity:
        [1, 1, 1, 1, 1, 1, 2*eps - 1, 2*eps - 1, 2*eps, -2*eps + 1, -2*eps + 1, -2*eps + 1]

Degree:
    0: -2

Use balance:
    [2, 1, -1, -3*eps + 3/2, eps - 3/2, (0, 0, 0, 1, 0, 0, 0, 0, 6*eps - 3, 0, 0, 0), (0, 0, 0, 1, 0, 0, 0, 0, -1/(2*eps - 1), 0, 0, 0), -2]

Eigenvalues:
    x = 0:
        [-2*eps, -2*eps, -2*eps + 1, 0, 0, 0, 0, 0, 0, 0, 1, 1]
    x = 1:
        [-1, -1, -1, -3*eps + 1/2, -3*eps + 1/2, eps - 1/2, eps - 1/2, eps - 1/2, eps - 1/2, eps - 1/2, eps - 3/2, eps - 3/2]
    x = -1:
        [-3*eps + 3/2, eps - 1/2, eps - 1/2, eps - 1/2, eps - 1/2, eps - 1/2, eps - 1/2, eps - 1/2, eps - 1/2, 0, 0, 0]
    x = +Infinity:
        [1, 1, 1, 1, 1, 1, 2*eps - 1, 2*eps - 1, 2*eps, -2*eps + 1, -2*eps + 1, -2*eps + 1]

Degree:
    1: 2*eps/(2*eps - 1)

Use balance:
    [2, 0, 1, 1, -1, (0, 0, 0, 0, 0, 0, 1, 0, 0, 0, 1/4/eps, 0), (0, 0, 0, 0, 0, 0, 1, 0, 0, 0, 4*eps/(2*eps - 1), 0), 2*eps/(2*eps - 1)]

Eigenvalues:
    x = 0:
        [-2*eps, -2*eps, -2*eps + 1, 0, 0, 0, 0, 0, 0, 0, 0, 1]
    x = 1:
        [-1, -1, -3*eps + 1/2, -3*eps + 1/2, eps - 1/2, eps - 1/2, eps - 1/2, eps - 1/2, eps - 1/2, eps - 3/2, eps - 3/2, 0]
    x = -1:
        [-3*eps + 3/2, eps - 1/2, eps - 1/2, eps - 1/2, eps - 1/2, eps - 1/2, eps - 1/2, eps - 1/2, eps - 1/2, 0, 0, 0]
    x = +Infinity:
        [1, 1, 1, 1, 1, 1, 2*eps - 1, 2*eps - 1, 2*eps, -2*eps + 1, -2*eps + 1, -2*eps + 1]

Degree:
    1: -3*eps + 2

Use balance:
    [2, 0, +Infinity, 1, 2*eps - 1, (0, 0, 0, 0, 1, 0, 0, 0, 0, 0, 0, 0), (0, 1, 0, 0, -3*eps + 2, 1/3*(18*eps^3 - 33*eps^2 + 20*eps - 4)/(eps - 1), 0, -1/4*(21*eps^2 - 29*eps + 10)/eps, 0, -1/4*(3408*eps^7 - 16936*eps^6 + 35576*eps^5 - 41122*eps^4 + 28353*eps^3 - 11699*eps^2 + 2682*eps - 264)/(24*eps^5 - 86*eps^4 + 115*eps^3 - 68*eps^2 + 15*eps), 0, 1/2*(132*eps^4 - 316*eps^3 + 269*eps^2 - 93*eps + 10)/(2*eps^3 - 3*eps^2 + eps)), -3*eps + 2]

Eigenvalues:
    x = 0:
        [-2*eps, -2*eps, -2*eps + 1, 0, 0, 0, 0, 0, 0, 0, 0, 0]
    x = 1:
        [-1, -1, -3*eps + 1/2, -3*eps + 1/2, eps - 1/2, eps - 1/2, eps - 1/2, eps - 1/2, eps - 1/2, eps - 3/2, eps - 3/2, 0]
    x = -1:
        [-3*eps + 3/2, eps - 1/2, eps - 1/2, eps - 1/2, eps - 1/2, eps - 1/2, eps - 1/2, eps - 1/2, eps - 1/2, 0, 0, 0]
    x = +Infinity:
        [2*eps - 1, 1, 1, 1, 1, 1, 1, 2*eps, 2*eps, -2*eps + 1, -2*eps + 1, -2*eps + 1]

Degree:
    1: -1/2*(2*eps - 1)/eps

Use balance:
    [2, 1, +Infinity, -3*eps + 1/2, 2*eps - 1, (0, 1, 0, 0, 1/2*(12*eps^2 - 26*eps + 13)/(12*eps^3 - 29*eps^2 + 23*eps - 6), -3/2*(4*eps^2 - 5*eps + 1)/(18*eps^4 - 33*eps^3 + 20*eps^2 - 4*eps), 0, 0, 0, 0, 0, 0), (0, 1, 0, 0, 0, 1/3*(18*eps^3 - 33*eps^2 + 20*eps - 4)/(eps - 1), 0, -1/4*(15*eps^2 - 19*eps + 6)/eps, 0, -1/4*(120*eps^5 - 608*eps^4 + 1108*eps^3 - 957*eps^2 + 401*eps - 66)/(6*eps^3 - 11*eps^2 + 5*eps), 0, 1/2*(84*eps^4 - 200*eps^3 + 171*eps^2 - 59*eps + 6)/(2*eps^3 - 3*eps^2 + eps)), -1/2*(2*eps - 1)/eps]

Eigenvalues:
    x = 0:
        [-2*eps, -2*eps, -2*eps + 1, 0, 0, 0, 0, 0, 0, 0, 0, 0]
    x = 1:
        [-1, -1, -3*eps - 1/2, eps - 1/2, eps - 1/2, eps - 1/2, eps - 1/2, eps - 1/2, -3*eps + 1/2, eps - 3/2, eps - 3/2, 0]
    x = -1:
        [-3*eps + 3/2, eps - 1/2, eps - 1/2, eps - 1/2, eps - 1/2, eps - 1/2, eps - 1/2, eps - 1/2, eps - 1/2, 0, 0, 0]
    x = +Infinity:
        [1, 1, 1, 1, 1, 1, 2*eps, 2*eps, 2*eps, -2*eps + 1, -2*eps + 1, -2*eps + 1]

Degree:
    2: -8*eps^2

Use balance:
    [1, 1, +Infinity, eps - 3/2, 1, (0, 0, 0, 0, 0, 0, 1, 0, 0, 0, -4*eps, 0), (1, 0, 0, 0, 0, 0, -8*eps^2, 0, 0, 0, 0, 0), -8*eps^2]

Eigenvalues:
    x = 0:
        [-2*eps, -2*eps, -2*eps + 1, 0, 0, 0, 0, 0, 0, 0, 0, 0]
    x = 1:
        [-1, -1, -3*eps - 1/2, eps - 1/2, eps - 1/2, eps - 1/2, eps - 1/2, eps - 1/2, eps - 1/2, -3*eps + 1/2, eps - 3/2, 0]
    x = -1:
        [-3*eps + 3/2, eps - 1/2, eps - 1/2, eps - 1/2, eps - 1/2, eps - 1/2, eps - 1/2, eps - 1/2, eps - 1/2, 0, 0, 0]
    x = +Infinity:
        [1, 1, 1, 1, 1, 2*eps, 2*eps, 2*eps, -2*eps + 1, -2*eps + 1, -2*eps + 1, 0]

Degree:
    4: 2*(24*eps^4 - 62*eps^3 + 57*eps^2 - 22*eps + 3)/(84*eps^4 - 136*eps^3 + 62*eps^2 - 5*eps)

Use balance:
    [1, 1, -1, -1, -3*eps + 3/2, (0, 1, 0, 0, -(72*eps^4 - 186*eps^3 + 167*eps^2 - 59*eps + 6)/(84*eps^3 - 136*eps^2 + 62*eps - 5), 1/3*(432*eps^6 - 1116*eps^5 + 1002*eps^4 - 270*eps^3 - 107*eps^2 + 76*eps - 12)/(84*eps^4 - 220*eps^3 + 198*eps^2 - 67*eps + 5), 0, 0, 0, -(3960*eps^7 - 18552*eps^6 + 36306*eps^5 - 38228*eps^4 + 23151*eps^3 - 7921*eps^2 + 1368*eps - 84)/(504*eps^5 - 1740*eps^4 + 2288*eps^3 - 1392*eps^2 + 365*eps - 25), 0, -2*(540*eps^6 - 846*eps^5 - 360*eps^4 + 1467*eps^3 - 1061*eps^2 + 294*eps - 24)/(168*eps^5 - 524*eps^4 + 616*eps^3 - 332*eps^2 + 77*eps - 5)), (0, 1, 0, 0, -(6*eps^3 - 10*eps^2 + 8*eps - 3)/(12*eps^4 - 29*eps^3 + 23*eps^2 - 6*eps), -3*(3*eps^2 - 4*eps + 1)/(18*eps^4 - 33*eps^3 + 20*eps^2 - 4*eps), 0, 0, 0, 0, 0, 0), 2*(24*eps^4 - 62*eps^3 + 57*eps^2 - 22*eps + 3)/(84*eps^4 - 136*eps^3 + 62*eps^2 - 5*eps)]

Eigenvalues:
    x = 0:
        [-2*eps, -2*eps, -2*eps + 1, 0, 0, 0, 0, 0, 0, 0, 0, 0]
    x = 1:
        [-3*eps - 1/2, eps - 1/2, eps - 1/2, eps - 1/2, eps - 1/2, eps - 1/2, eps - 1/2, -3*eps + 1/2, -1, eps - 3/2, 0, 0]
    x = -1:
        [-3*eps + 1/2, eps - 1/2, eps - 1/2, eps - 1/2, eps - 1/2, eps - 1/2, eps - 1/2, eps - 1/2, eps - 1/2, 0, 0, 0]
    x = +Infinity:
        [1, 1, 1, 1, 1, 2*eps, 2*eps, 2*eps, -2*eps + 1, -2*eps + 1, -2*eps + 1, 0]

Degree:
    8: 4*(320*eps^8 - 1536*eps^7 + 2828*eps^6 - 2404*eps^5 + 751*eps^4 + 186*eps^3 - 175*eps^2 + 30*eps)/(3840*eps^8 - 20640*eps^7 + 42440*eps^6 - 41652*eps^5 + 17242*eps^4 + 1951*eps^3 - 4565*eps^2 + 1541*eps - 165)

Use balance:
    [1, 1, +Infinity, -1, 1, (0, 0, 0, 0, 0, 0, 0, 1, 0, -(16*eps^2 - 26*eps + 11)/(6*eps^2 - 11*eps + 5), 0, -2*(4*eps - 1)/(eps - 1)), (0, 0, 0, 0, 1, 0, 0, (3840*eps^10 - 20992*eps^9 + 41232*eps^8 - 22608*eps^7 - 42612*eps^6 + 92220*eps^5 - 81538*eps^4 + 40185*eps^3 - 11272*eps^2 + 1635*eps - 90)/(11520*eps^10 - 81120*eps^9 + 238200*eps^8 - 378436*eps^7 + 344866*eps^6 - 163661*eps^5 + 11034*eps^4 + 31350*eps^3 - 17330*eps^2 + 3907*eps - 330), 0, -(2880*eps^8 - 13248*eps^7 + 25612*eps^6 - 26920*eps^5 + 16565*eps^4 - 5942*eps^3 + 1143*eps^2 - 90*eps)/(11520*eps^9 - 69600*eps^8 + 168600*eps^7 - 209836*eps^6 + 135030*eps^5 - 28631*eps^4 - 17597*eps^3 + 13753*eps^2 - 3577*eps + 330), 0, 1/2*(2880*eps^8 - 16128*eps^7 + 38860*eps^6 - 52532*eps^5 + 43485*eps^4 - 22507*eps^3 + 7085*eps^2 - 1233*eps + 90)/(11520*eps^9 - 69600*eps^8 + 168600*eps^7 - 209836*eps^6 + 135030*eps^5 - 28631*eps^4 - 17597*eps^3 + 13753*eps^2 - 3577*eps + 330)), 4*(320*eps^8 - 1536*eps^7 + 2828*eps^6 - 2404*eps^5 + 751*eps^4 + 186*eps^3 - 175*eps^2 + 30*eps)/(3840*eps^8 - 20640*eps^7 + 42440*eps^6 - 41652*eps^5 + 17242*eps^4 + 1951*eps^3 - 4565*eps^2 + 1541*eps - 165)]

Eigenvalues:
    x = 0:
        [-2*eps, -2*eps, -2*eps + 1, 0, 0, 0, 0, 0, 0, 0, 0, 0]
    x = 1:
        [-3*eps - 1/2, eps - 1/2, eps - 1/2, eps - 1/2, eps - 1/2, eps - 1/2, eps - 1/2, -3*eps + 1/2, eps - 3/2, 0, 0, 0]
    x = -1:
        [-3*eps + 1/2, eps - 1/2, eps - 1/2, eps - 1/2, eps - 1/2, eps - 1/2, eps - 1/2, eps - 1/2, eps - 1/2, 0, 0, 0]
    x = +Infinity:
        [1, 1, 1, 1, 2*eps, 2*eps, 2*eps, -2*eps + 1, -2*eps + 1, -2*eps + 1, 0, 0]

Degree:
    8: -4*(320*eps^8 - 1536*eps^7 + 2828*eps^6 - 2404*eps^5 + 751*eps^4 + 186*eps^3 - 175*eps^2 + 30*eps)/(3360*eps^8 - 18056*eps^7 + 36824*eps^6 - 35450*eps^5 + 13838*eps^4 + 2424*eps^3 - 4139*eps^2 + 1326*eps - 135)

Use balance:
    [1, 1, +Infinity, eps - 3/2, 1, (0, 0, 0, 0, 0, 0, 0, 1, 0, (320*eps^6 - 1936*eps^5 + 3760*eps^4 - 3224*eps^3 + 1232*eps^2 - 151*eps - 7)/(240*eps^5 - 764*eps^4 + 932*eps^3 - 541*eps^2 + 148*eps - 15), 0, -2*(4*eps - 1)/(eps - 1)), (0, 0, 0, 0, 1, -3*(960*eps^9 - 6208*eps^8 + 16804*eps^7 - 24424*eps^6 + 19929*eps^5 - 8005*eps^4 + 47*eps^3 + 1337*eps^2 - 500*eps + 60)/(12096*eps^10 - 79920*eps^9 + 217224*eps^8 - 315236*eps^7 + 256386*eps^6 - 100032*eps^5 - 7206*eps^4 + 26393*eps^3 - 11897*eps^2 + 2368*eps - 180), 0, (768*eps^8 - 4736*eps^7 + 12176*eps^6 - 17160*eps^5 + 14552*eps^4 - 7614*eps^3 + 2399*eps^2 - 415*eps + 30)/(2016*eps^9 - 12984*eps^8 + 33704*eps^7 - 45094*eps^6 + 31426*eps^5 - 7708*eps^4 - 3997*eps^3 + 3506*eps^2 - 959*eps + 90), 0, -(576*eps^7 - 2304*eps^6 + 3740*eps^5 - 3140*eps^4 + 1429*eps^3 - 331*eps^2 + 30*eps)/(2016*eps^8 - 10968*eps^7 + 22736*eps^6 - 22358*eps^5 + 9068*eps^4 + 1360*eps^3 - 2637*eps^2 + 869*eps - 90), 0, 1/2*(576*eps^7 - 2880*eps^6 + 6044*eps^5 - 6880*eps^4 + 4569*eps^3 - 1760*eps^2 + 361*eps - 30)/(2016*eps^8 - 10968*eps^7 + 22736*eps^6 - 22358*eps^5 + 9068*eps^4 + 1360*eps^3 - 2637*eps^2 + 869*eps - 90)), -4*(320*eps^8 - 1536*eps^7 + 2828*eps^6 - 2404*eps^5 + 751*eps^4 + 186*eps^3 - 175*eps^2 + 30*eps)/(3360*eps^8 - 18056*eps^7 + 36824*eps^6 - 35450*eps^5 + 13838*eps^4 + 2424*eps^3 - 4139*eps^2 + 1326*eps - 135)]

Eigenvalues:
    x = 0:
        [-2*eps, -2*eps, -2*eps + 1, 0, 0, 0, 0, 0, 0, 0, 0, 0]
    x = 1:
        [-3*eps - 1/2, eps - 1/2, eps - 1/2, eps - 1/2, eps - 1/2, eps - 1/2, eps - 1/2, eps - 1/2, -3*eps + 1/2, 0, 0, 0]
    x = -1:
        [-3*eps + 1/2, eps - 1/2, eps - 1/2, eps - 1/2, eps - 1/2, eps - 1/2, eps - 1/2, eps - 1/2, eps - 1/2, 0, 0, 0]
    x = +Infinity:
        [1, 1, 1, 2*eps, 2*eps, 2*eps, -2*eps + 1, -2*eps + 1, -2*eps + 1, 0, 0, 0]

Select x0 = 0
Use balance:
    [2, 0, +Infinity, -2*eps + 1, 0, (0, 1, 0, 0, -(35136*eps^10 - 208608*eps^9 + 557568*eps^8 - 866448*eps^7 + 847404*eps^6 - 528726*eps^5 + 202238*eps^4 - 40931*eps^3 + 1685*eps^2 + 801*eps - 99)/(8064*eps^11 - 6816*eps^10 - 116256*eps^9 + 446472*eps^8 - 813920*eps^7 + 927420*eps^6 - 728096*eps^5 + 410201*eps^4 - 165823*eps^3 + 45909*eps^2 - 7749*eps + 594), -3*(1872*eps^8 - 4128*eps^7 - 1784*eps^6 + 14076*eps^5 - 18437*eps^4 + 11915*eps^3 - 4265*eps^2 + 817*eps - 66)/(6048*eps^10 + 1440*eps^9 - 85800*eps^8 + 241752*eps^7 - 346260*eps^6 + 315256*eps^5 - 198389*eps^4 + 88076*eps^3 - 26543*eps^2 + 4836*eps - 396), 0, 2*(384*eps^8 - 2336*eps^7 + 6304*eps^6 - 9704*eps^5 + 9204*eps^4 - 5460*eps^3 + 1967*eps^2 - 392*eps + 33)/(2016*eps^9 + 1824*eps^8 - 27384*eps^7 + 62328*eps^6 - 73868*eps^5 + 55840*eps^4 - 28903*eps^3 + 10090*eps^2 - 2121*eps + 198), 0, 4*(144*eps^7 - 636*eps^6 + 1144*eps^5 - 1069*eps^4 + 545*eps^3 - 143*eps^2 + 15*eps)/(2016*eps^9 + 1824*eps^8 - 27384*eps^7 + 62328*eps^6 - 73868*eps^5 + 55840*eps^4 - 28903*eps^3 + 10090*eps^2 - 2121*eps + 198), 0, (192*eps^8 - 1264*eps^7 + 3688*eps^6 - 6160*eps^5 + 6374*eps^4 - 4145*eps^3 + 1641*eps^2 - 359*eps + 33)/(2016*eps^9 + 1824*eps^8 - 27384*eps^7 + 62328*eps^6 - 73868*eps^5 + 55840*eps^4 - 28903*eps^3 + 10090*eps^2 - 2121*eps + 198)), (0, 0, 0, 0, 0, 0, 0, 1, 0, 0, 0, -2*(4*eps - 1)/(eps - 1)), -4*(192*eps^8 - 1072*eps^7 + 2616*eps^6 - 3544*eps^5 + 2830*eps^4 - 1315*eps^3 + 326*eps^2 - 33*eps)/(2016*eps^9 + 1824*eps^8 - 27384*eps^7 + 62328*eps^6 - 73868*eps^5 + 55840*eps^4 - 28903*eps^3 + 10090*eps^2 - 2121*eps + 198)]

Eigenvalues:
    x = 0:
        [-2*eps, -2*eps, -2*eps, 0, 0, 0, 0, 0, 0, 0, 0, 0]
    x = 1:
        [-3*eps - 1/2, eps - 1/2, eps - 1/2, eps - 1/2, eps - 1/2, eps - 1/2, eps - 1/2, eps - 1/2, -3*eps + 1/2, 0, 0, 0]
    x = -1:
        [-3*eps + 1/2, eps - 1/2, eps - 1/2, eps - 1/2, eps - 1/2, eps - 1/2, eps - 1/2, eps - 1/2, eps - 1/2, 0, 0, 0]
    x = +Infinity:
        [1, 1, 1, 1, 2*eps, 2*eps, 2*eps, -2*eps + 1, -2*eps + 1, -2*eps + 1, 0, 0]

can not balance matrix

real    4m19.370s
user    4m18.447s
sys     0m0.903s
