Command being timed: "fuchsia factorize -v -x y -m lee_02_y_eps.mtx -t lee_02_y_eps_t.mtx lee_02_y_norm.mtx"
User time (seconds): 90.75
System time (seconds): 6.47
Percent of CPU this job got: 54%
Elapsed (wall clock) time (h:mm:ss or m:ss): 2:57.71
Average shared text size (kbytes): 0
Average unshared data size (kbytes): 0
Average stack size (kbytes): 0
Average total size (kbytes): 0
Maximum resident set size (kbytes): 380040
Average resident set size (kbytes): 0
Major (requiring I/O) page faults: 0
Minor (reclaiming a frame) page faults: 1433091
Voluntary context switches: 6063
Involuntary context switches: 1015
Swaps: 0
File system inputs: 0
File system outputs: 8912
Socket messages sent: 0
Socket messages received: 0
Signals delivered: 0
Page size (bytes): 4096
Exit status: 0
